<?xml version="1.0" encoding="utf-8"?><testsuites name="pytest tests"><testsuite name="pytest" errors="0" failures="0" skipped="0" tests="159" time="63.305" timestamp="2026-06-23T04:42:10.975883+00:00" hostname="agent-env-4d8516c5-24bf-49bd-b04b-5b5f7d2bfc61"><testcase classname="tests.test_fulfillment_workflow.TestFulfillPartialThenFull" name="test_partial_fulfill_then_remaining" time="0.779" /><testcase classname="tests.test_fulfillment_workflow.TestFulfillPartialThenFull" name="test_fulfill_exceeds_pending_qty" time="0.231" /><testcase classname="tests.test_fulfillment_workflow.TestFulfillPartialThenFull" name="test_fulfill_zero_everything_rejected" time="0.190" /><testcase classname="tests.test_fulfillment_workflow.TestRejectIndent" name="test_reject_sets_status_and_notification" time="0.638" /><testcase classname="tests.test_fulfillment_workflow.TestPendingStockSummary" name="test_returns_can_now_fulfill" time="0.718" /><testcase classname="tests.test_fulfillment_workflow.TestPendingStockSummary" name="test_franchise_forbidden" time="0.095" /><testcase classname="tests.test_fulfillment_workflow.TestStockMovements" name="test_admin_can_list" time="0.048" /><testcase classname="tests.test_fulfillment_workflow.TestStockMovements" name="test_franchise_forbidden" time="0.171" /><testcase classname="tests.test_fulfillment_workflow.TestStockMovements" name="test_filter_by_product" time="0.099" /><testcase classname="tests.test_fulfillment_workflow.TestStockMovements" name="test_fulfill_creates_stock_movement" time="0.293" /><testcase classname="tests.test_fulfillment_workflow.TestProductsMasking" name="test_franchise_products_have_no_stock_or_cost" time="0.046" /><testcase classname="tests.test_fulfillment_workflow.TestProductsMasking" name="test_franchise_single_product_masked" time="0.089" /><testcase classname="tests.test_fulfillment_workflow.TestProductsMasking" name="test_admin_still_sees_stock" time="0.048" /><testcase classname="tests.test_fulfillment_workflow.TestDashboardMasking" name="test_franchise_dashboard_minimal" time="0.051" /><testcase classname="tests.test_fulfillment_workflow.TestDashboardMasking" name="test_admin_dashboard_full" time="0.058" /><testcase classname="tests.test_fulfillment_workflow.TestIndentScoping" name="test_franchise_only_sees_own" time="0.057" /><testcase classname="tests.test_fulfillment_workflow.TestDispatchAfterFulfill" name="test_dispatch_after_partial_fulfill" time="0.376" /><testcase classname="tests.test_fulfillment_workflow.TestDispatchAfterFulfill" name="test_dispatch_before_fulfill_fails" time="0.254" /><testcase classname="tests.test_fulfillment_workflow.TestHappyPath" name="test_full_lifecycle_warehouse" time="0.455" /><testcase classname="tests.test_iter7_warehouse_dn_and_stock" name="test_warehouse_manager_can_issue_debit_note" time="0.759" /><testcase classname="tests.test_iter7_warehouse_dn_and_stock" name="test_credit_note_hub_stock_delta_uses_hub_main" time="1.215" /><testcase classname="tests.test_iter7_warehouse_dn_and_stock" name="test_login_endpoint_returns_token_clean_url" time="0.324" /><testcase classname="tests.test_servall_backend.TestAuth" name="test_login_admin_success" time="0.317" /><testcase classname="tests.test_servall_backend.TestAuth" name="test_login_all_demo_accounts[accountant@servall.com-Accountant@123-hub_accountant]" time="0.325" /><testcase classname="tests.test_servall_backend.TestAuth" name="test_login_all_demo_accounts[warehouse@servall.com-Warehouse@123-warehouse_manager]" time="0.323" /><testcase classname="tests.test_servall_backend.TestAuth" name="test_login_all_demo_accounts[franchise@servall.com-Franchise@123-franchise_manager]" time="0.319" /><testcase classname="tests.test_servall_backend.TestAuth" name="test_login_invalid" time="0.315" /><testcase classname="tests.test_servall_backend.TestAuth" name="test_me_with_token" time="0.044" /><testcase classname="tests.test_servall_backend.TestAuth" name="test_me_without_token" time="0.104" /><testcase classname="tests.test_servall_backend.TestDashboard" name="test_dashboard_stats_full" time="0.060" /><testcase classname="tests.test_servall_backend.TestProducts" name="test_list_products" time="0.065" /><testcase classname="tests.test_servall_backend.TestProducts" name="test_list_products_low_stock_filter" time="0.060" /><testcase classname="tests.test_servall_backend.TestProducts" name="test_search_products" time="0.047" /><testcase classname="tests.test_servall_backend.TestProducts" name="test_create_update_product_admin" time="0.176" /><testcase classname="tests.test_servall_backend.TestProducts" name="test_adjust_stock" time="0.160" /><testcase classname="tests.test_servall_backend.TestProducts" name="test_bulk_margin" time="0.051" /><testcase classname="tests.test_servall_backend.TestVendors" name="test_list_vendors" time="0.045" /><testcase classname="tests.test_servall_backend.TestVendors" name="test_create_vendor_accountant" time="0.504" /><testcase classname="tests.test_servall_backend.TestFranchises" name="test_list_franchises" time="0.043" /><testcase classname="tests.test_servall_backend.TestFranchises" name="test_create_update_franchise_admin" time="0.135" /><testcase classname="tests.test_servall_backend.TestIndentsLifecycle" name="test_create_indent" time="0.198" /><testcase classname="tests.test_servall_backend.TestIndentsLifecycle" name="test_list_indents" time="0.057" /><testcase classname="tests.test_servall_backend.TestIndentsLifecycle" name="test_franchise_mgr_sees_only_own" time="0.058" /><testcase classname="tests.test_servall_backend.TestIndentsLifecycle" name="test_approve_indent" time="0.092" /><testcase classname="tests.test_servall_backend.TestIndentsLifecycle" name="test_dispatch_indent" time="0.142" /><testcase classname="tests.test_servall_backend.TestIndentsLifecycle" name="test_deliver_indent" time="0.102" /><testcase classname="tests.test_servall_backend.TestIndentsLifecycle" name="test_dcs_list" time="0.047" /><testcase classname="tests.test_servall_backend.TestRBAC" name="test_franchise_mgr_forbidden_audit_logs" time="0.044" /><testcase classname="tests.test_servall_backend.TestRBAC" name="test_audit_logs_super_admin" time="0.050" /><testcase classname="tests.test_servall_backend.TestRBAC" name="test_audit_logs_accountant" time="0.050" /><testcase classname="tests.test_servall_backend.TestRBAC" name="test_franchise_cannot_create_indent_for_other" time="0.135" /><testcase classname="tests.test_servall_backend.TestReports" name="test_aging_report" time="0.054" /><testcase classname="tests.test_servall_backend.TestCycleCounts" name="test_generate_cycle_count" time="0.100" /><testcase classname="tests.test_servall_backend.TestCycleCounts" name="test_list_cycle_counts" time="0.045" /><testcase classname="tests.test_servall_backend.TestCycleCounts" name="test_submit_cycle_count" time="0.102" /><testcase classname="tests.test_servall_backend.TestPurchaseOrders" name="test_auto_generate" time="0.061" /><testcase classname="tests.test_servall_backend.TestPurchaseOrders" name="test_list_pos" time="0.045" /><testcase classname="tests.test_v21_phase1.TestAuthV21" name="test_login_all_seeded_roles[admin@servall.com-Admin@123-super_admin]" time="0.421" /><testcase classname="tests.test_v21_phase1.TestAuthV21" name="test_login_all_seeded_roles[accountant@servall.com-Accountant@123-hub_accountant]" time="0.417" /><testcase classname="tests.test_v21_phase1.TestAuthV21" name="test_login_all_seeded_roles[warehouse@servall.com-Warehouse@123-warehouse_manager]" time="0.411" /><testcase classname="tests.test_v21_phase1.TestAuthV21" name="test_login_all_seeded_roles[franchise@servall.com-Franchise@123-franchise_manager]" time="0.416" /><testcase classname="tests.test_v21_phase1.TestFranchiseTiers" name="test_list_seeded_tiers" time="0.044" /><testcase classname="tests.test_v21_phase1.TestFranchiseTiers" name="test_crud_custom_tier" time="0.180" /><testcase classname="tests.test_v21_phase1.TestFranchiseTiers" name="test_cannot_delete_system_tier" time="0.128" /><testcase classname="tests.test_v21_phase1.TestFranchiseTiers" name="test_tier_preview_with_category_override" time="0.183" /><testcase classname="tests.test_v21_phase1.TestFranchiseTiers" name="test_assign_tier_to_franchise" time="0.133" /><testcase classname="tests.test_v21_phase1.TestBulkInventoryImport" name="test_template_download" time="0.301" /><testcase classname="tests.test_v21_phase1.TestBulkInventoryImport" name="test_validate_then_commit" time="0.437" /><testcase classname="tests.test_v21_phase1.TestBulkInventoryImport" name="test_validate_rejects_bad_format" time="0.104" /><testcase classname="tests.test_v21_phase1.TestMultiSourceIndents" name="test_legacy_indent_defaults_to_system" time="0.174" /><testcase classname="tests.test_v21_phase1.TestMultiSourceIndents" name="test_indent_from_excel" time="0.198" /><testcase classname="tests.test_v21_phase1.TestEditablePO" name="test_create_edit_pdf" time="0.291" /><testcase classname="tests.test_v21_phase1.TestFiltered" name="test_filtered_endpoint_with_date_params[/api/filtered/indents]" time="0.060" /><testcase classname="tests.test_v21_phase1.TestFiltered" name="test_filtered_endpoint_with_date_params[/api/filtered/invoices]" time="0.051" /><testcase classname="tests.test_v21_phase1.TestFiltered" name="test_filtered_endpoint_with_date_params[/api/filtered/purchase-orders]" time="0.045" /><testcase classname="tests.test_v21_phase1.TestFiltered" name="test_filtered_endpoint_with_date_params[/api/filtered/delivery-challans]" time="0.046" /><testcase classname="tests.test_v21_phase1.TestFiltered" name="test_filtered_endpoint_with_date_params[/api/filtered/stock-movements]" time="0.057" /><testcase classname="tests.test_v21_phase1.TestFiltered" name="test_filtered_endpoint_with_date_params[/api/filtered/audit-logs]" time="0.090" /><testcase classname="tests.test_v21_phase1.TestFiltered" name="test_filtered_endpoint_with_date_params[/api/filtered/dashboard-trend]" time="0.047" /><testcase classname="tests.test_v21_phase1.TestOcrConfig" name="test_ocr_aliases_endpoint" time="0.045" /><testcase classname="tests.test_v22_ocr_module.TestValidator" name="test_valid_row_full_score" time="1.676" /><testcase classname="tests.test_v22_ocr_module.TestValidator" name="test_missing_hsn" time="0.000" /><testcase classname="tests.test_v22_ocr_module.TestValidator" name="test_missing_qty" time="0.000" /><testcase classname="tests.test_v22_ocr_module.TestValidator" name="test_missing_unit_is_warning_not_blocker" time="0.000" /><testcase classname="tests.test_v22_ocr_module.TestValidator" name="test_invalid_hsn_pattern" time="0.000" /><testcase classname="tests.test_v22_ocr_module.TestValidator" name="test_llm_confidence_clipped" time="0.000" /><testcase classname="tests.test_v22_ocr_module.TestValidator" name="test_combined_weighting_env" time="0.000" /><testcase classname="tests.test_v22_ocr_module.TestInvoiceUploadV22" name="test_upload_returns_dual_confidence" time="1.033" /><testcase classname="tests.test_v22_ocr_module.TestInvoiceUploadV22" name="test_upload_includes_match_source_on_each_row" time="0.731" /><testcase classname="tests.test_v22_ocr_module.TestAliasEngineV22" name="test_learn_alias_then_lookup" time="0.478" /><testcase classname="tests.test_v22_ocr_module.TestAliasEngineV22" name="test_commit_persists_new_alias" time="1.002" /><testcase classname="tests.test_v22_ocr_module.TestOcrRegressionV22" name="test_invoices_list_still_works" time="0.106" /><testcase classname="tests.test_v22_ocr_module.TestOcrRegressionV22" name="test_filtered_invoices_endpoint" time="0.113" /><testcase classname="tests.test_v22_ocr_module.TestOcrRegressionV22" name="test_existing_invoices_have_new_confidence_fields_default" time="0.750" /><testcase classname="tests.test_v22_ocr_module.TestOcrRegressionV22" name="test_ocr_aliases_endpoint_lists" time="0.097" /><testcase classname="tests.test_v22_phase23" name="test_invoice_pdf_returns_pdf" time="0.106" /><testcase classname="tests.test_v22_phase23" name="test_invoice_pdf_404" time="0.047" /><testcase classname="tests.test_v22_phase23" name="test_invoice_patch_meta" time="0.144" /><testcase classname="tests.test_v22_phase23" name="test_dc_pdf" time="0.118" /><testcase classname="tests.test_v22_phase23" name="test_dc_pdf_404" time="0.046" /><testcase classname="tests.test_v22_phase23" name="test_whatsapp_share_invoice" time="0.100" /><testcase classname="tests.test_v22_phase23" name="test_whatsapp_share_with_phone" time="0.094" /><testcase classname="tests.test_v22_phase23" name="test_whatsapp_share_invalid_kind" time="0.043" /><testcase classname="tests.test_v22_phase23" name="test_whatsapp_share_404" time="0.044" /><testcase classname="tests.test_v22_phase23" name="test_report_inventory_value_json" time="0.052" /><testcase classname="tests.test_v22_phase23" name="test_report_inventory_value_excel" time="0.059" /><testcase classname="tests.test_v22_phase23" name="test_report_inventory_value_pdf" time="0.065" /><testcase classname="tests.test_v22_phase23" name="test_report_stock_movement_json" time="0.048" /><testcase classname="tests.test_v22_phase23" name="test_report_purchase" time="0.160" /><testcase classname="tests.test_v22_phase23" name="test_report_sales" time="0.045" /><testcase classname="tests.test_v22_phase23" name="test_reports_rbac_franchise_blocked" time="0.045" /><testcase classname="tests.test_v22_phase23" name="test_reports_rbac_accountant_allowed" time="0.052" /><testcase classname="tests.test_v22_phase23" name="test_reports_rbac_warehouse_allowed" time="0.054" /><testcase classname="tests.test_v22_phase23" name="test_reopened_by_po_diagnostic" time="0.093" /><testcase classname="tests.test_v22_phase23" name="test_auto_reopen_indent_on_po_received" time="0.242" /><testcase classname="tests.test_v22_phase23" name="test_backward_compat_endpoints" time="0.277" /><testcase classname="tests.test_v22_tax_invoice.TestOrgSettings" name="test_get_seeds_defaults" time="0.134" /><testcase classname="tests.test_v22_tax_invoice.TestOrgSettings" name="test_update_super_admin_only" time="0.094" /><testcase classname="tests.test_v22_tax_invoice.TestOrgSettings" name="test_non_super_admin_blocked" time="0.091" /><testcase classname="tests.test_v22_tax_invoice.TestTaxInvoiceLifecycle" name="test_create_manual_intra_state" time="0.196" /><testcase classname="tests.test_v22_tax_invoice.TestTaxInvoiceLifecycle" name="test_create_manual_inter_state_uses_igst" time="0.189" /><testcase classname="tests.test_v22_tax_invoice.TestTaxInvoiceLifecycle" name="test_edit_draft_recomputes_totals" time="0.190" /><testcase classname="tests.test_v22_tax_invoice.TestTaxInvoiceLifecycle" name="test_issue_assigns_prefixed_number" time="0.286" /><testcase classname="tests.test_v22_tax_invoice.TestTaxInvoiceLifecycle" name="test_cannot_issue_twice" time="0.294" /><testcase classname="tests.test_v22_tax_invoice.TestTaxInvoiceLifecycle" name="test_can_edit_issued" time="0.297" /><testcase classname="tests.test_v22_tax_invoice.TestTaxInvoiceLifecycle" name="test_mark_paid_then_cancel_lifecycle" time="0.494" /><testcase classname="tests.test_v22_tax_invoice.TestChallanSourcedTaxInvoice" name="test_create_from_challan_prefills_franchise_and_lines" time="0.204" /><testcase classname="tests.test_v22_tax_invoice.TestChallanSourcedTaxInvoice" name="test_create_from_dc_endpoint_is_idempotent" time="0.283" /><testcase classname="tests.test_v22_tax_invoice.TestPdfAndShare" name="test_pdf_returns_pdf_bytes" time="0.199" /><testcase classname="tests.test_v22_tax_invoice.TestPdfAndShare" name="test_pdf_for_issued_invoice_shows_number" time="0.309" /><testcase classname="tests.test_v22_tax_invoice.TestPdfAndShare" name="test_mailto_link_format" time="0.192" /><testcase classname="tests.test_v22_tax_invoice.TestListAndPermissions" name="test_list_returns_array" time="0.152" /><testcase classname="tests.test_v22_tax_invoice.TestListAndPermissions" name="test_list_status_filter" time="0.399" /><testcase classname="tests.test_v22_tax_invoice.TestListAndPermissions" name="test_franchise_manager_sees_only_own" time="0.104" /><testcase classname="tests.test_v22_tax_invoice.TestRegression" name="test_existing_invoices_endpoint_still_works" time="0.107" /><testcase classname="tests.test_v22_tax_invoice.TestRegression" name="test_existing_delivery_challans_endpoint" time="0.111" /><testcase classname="tests.test_v22_tax_invoice.TestRegression" name="test_org_settings_idempotent_get" time="0.193" /><testcase classname="tests.test_v23_phases3to8.TestPhase3FieldRelaxation" name="test_franchise_create_indent_minimal" time="0.090" /><testcase classname="tests.test_v23_phases3to8.TestPhase3FieldRelaxation" name="test_warehouse_fulfill_minimal_dispatch" time="0.157" /><testcase classname="tests.test_v23_phases3to8.TestPhase4InvoiceNumberEditable" name="test_invoice_number_editable_and_unique" time="0.224" /><testcase classname="tests.test_v23_phases3to8.TestPhase45PDFs" name="test_tax_invoice_pdf" time="0.122" /><testcase classname="tests.test_v23_phases3to8.TestPhase45PDFs" name="test_delivery_challan_pdf_includes_indent_ref" time="0.105" /><testcase classname="tests.test_v23_phases3to8.TestPhase6CreditNote" name="test_cn_full_lifecycle_with_inventory_and_audit" time="0.650" /><testcase classname="tests.test_v23_phases3to8.TestPhase6CreditNote" name="test_cn_against_tax_invoice" time="0.100" /><testcase classname="tests.test_v23_phases3to8.TestPhase7DebitNote" name="test_dn_full_lifecycle" time="0.229" /><testcase classname="tests.test_v23_phases3to8.TestPhase8RolesAndAudit" name="test_franchise_cannot_access_debit_notes" time="0.046" /><testcase classname="tests.test_v23_phases3to8.TestPhase8RolesAndAudit" name="test_franchise_can_only_see_own_credit_notes" time="0.051" /><testcase classname="tests.test_v23_phases3to8.TestPhase8RolesAndAudit" name="test_audit_logs_contain_debit_note_issue" time="0.047" /><testcase classname="tests.test_v23_returns" name="test_org_settings_has_return_prefixes" time="0.045" /><testcase classname="tests.test_v23_returns" name="test_credit_note_manual_full_lifecycle" time="0.591" /><testcase classname="tests.test_v23_returns" name="test_credit_note_from_invoice" time="0.117" /><testcase classname="tests.test_v23_returns" name="test_debit_note_manual_full_lifecycle" time="0.259" /><testcase classname="tests.test_v23_returns" name="test_debit_note_against_po" time="0.097" /><testcase classname="tests.test_v23_returns" name="test_credit_note_franchise_scope" time="0.046" /><testcase classname="tests.test_v23_returns" name="test_debit_note_franchise_forbidden" time="0.043" /><testcase classname="tests.test_v23_returns" name="test_credit_note_invalid_source" time="0.045" /><testcase classname="tests.test_v25_ocr_space" name="test_upload_returns_ocr_provider_metadata" time="9.958" /><testcase classname="tests.test_v25_ocr_space" name="test_upload_invoice_contains_some_rows" time="11.092" /><testcase classname="tests.test_v25_ocr_space" name="test_invoice_endpoint_persists_new_fields" time="10.882" /></testsuite></testsuites>