<?xml version="1.0" encoding="utf-8"?><testsuites name="pytest tests"><testsuite name="pytest" errors="0" failures="0" skipped="0" tests="3" time="36.091" timestamp="2026-06-23T04:37:20.649984+00:00" hostname="agent-env-4d8516c5-24bf-49bd-b04b-5b5f7d2bfc61"><testcase classname="tests.test_v25_ocr_space" name="test_upload_returns_ocr_provider_metadata" time="12.494" /><testcase classname="tests.test_v25_ocr_space" name="test_upload_invoice_contains_some_rows" time="12.566" /><testcase classname="tests.test_v25_ocr_space" name="test_invoice_endpoint_persists_new_fields" time="10.996" /></testsuite></testsuites>