<?xml version="1.0" encoding="utf-8"?><testsuites name="pytest tests"><testsuite name="pytest" errors="0" failures="0" skipped="0" tests="15" time="3.650" timestamp="2026-06-23T10:47:05.296493+00:00" hostname="agent-env-4d8516c5-24bf-49bd-b04b-5b5f7d2bfc61"><testcase classname="backend.tests.test_v27_accounts_rbac" name="test_hub_accountant_blocked_from_audit_logs" time="0.488" /><testcase classname="backend.tests.test_v27_accounts_rbac" name="test_hub_accountant_blocked_from_cycle_counts" time="0.105" /><testcase classname="backend.tests.test_v27_accounts_rbac" name="test_hub_accountant_blocked_from_accounts" time="0.122" /><testcase classname="backend.tests.test_v27_accounts_rbac" name="test_hub_accountant_blocked_from_invoice_upload" time="0.091" /><testcase classname="backend.tests.test_v27_accounts_rbac" name="test_hub_accountant_keeps_purchase_orders" time="0.091" /><testcase classname="backend.tests.test_v27_accounts_rbac" name="test_hub_accountant_keeps_vendors_and_tax_invoices" time="0.619" /><testcase classname="backend.tests.test_v27_accounts_rbac" name="test_super_admin_can_list_all_accounts" time="0.427" /><testcase classname="backend.tests.test_v27_accounts_rbac" name="test_super_admin_can_create_each_role" time="0.197" /><testcase classname="backend.tests.test_v27_accounts_rbac" name="test_super_admin_cannot_create_super_admin_via_accounts" time="0.093" /><testcase classname="backend.tests.test_v27_accounts_rbac" name="test_warehouse_can_only_see_franchise_managers_in_hub" time="0.416" /><testcase classname="backend.tests.test_v27_accounts_rbac" name="test_warehouse_cannot_create_hub_accountant" time="0.096" /><testcase classname="backend.tests.test_v27_accounts_rbac" name="test_warehouse_cannot_create_warehouse_manager" time="0.091" /><testcase classname="backend.tests.test_v27_accounts_rbac" name="test_warehouse_can_create_franchise_manager_in_hub" time="0.191" /><testcase classname="backend.tests.test_v27_accounts_rbac" name="test_super_admin_can_reset_password" time="0.504" /><testcase classname="backend.tests.test_v27_accounts_rbac" name="test_last_login_at_updates_on_login" time="0.096" /></testsuite></testsuites>