<?xml version="1.0" encoding="utf-8"?><testsuites name="pytest tests"><testsuite name="pytest" errors="0" failures="1" skipped="0" tests="3" time="2.389" timestamp="2026-06-19T13:16:50.069002+00:00" hostname="agent-env-4d8516c5-24bf-49bd-b04b-5b5f7d2bfc61"><testcase classname="tests.test_iter7_warehouse_dn_and_stock" name="test_warehouse_manager_can_issue_debit_note" time="0.724"><failure message="AssertionError: warehouse_manager issue failed (expected 200 after fix): 403 {&quot;detail&quot;:&quot;Insufficient permissions&quot;}&#10;assert 403 == 200&#10; +  where 403 = &lt;Response [403]&gt;.status_code">tests/test_iter7_warehouse_dn_and_stock.py:55: in test_warehouse_manager_can_issue_debit_note
    assert issue.status_code == 200, f"warehouse_manager issue failed (expected 200 after fix): {issue.status_code} {issue.text}"
E   AssertionError: warehouse_manager issue failed (expected 200 after fix): 403 {"detail":"Insufficient permissions"}
E   assert 403 == 200
E    +  where 403 = &lt;Response [403]&gt;.status_code</failure></testcase><testcase classname="tests.test_iter7_warehouse_dn_and_stock" name="test_credit_note_hub_stock_delta_uses_hub_main" time="1.261" /><testcase classname="tests.test_iter7_warehouse_dn_and_stock" name="test_login_endpoint_returns_token_clean_url" time="0.368" /></testsuite></testsuites>