<?xml version="1.0" encoding="utf-8"?><testsuites name="pytest tests"><testsuite name="pytest" errors="0" failures="0" skipped="0" tests="9" time="2.752" timestamp="2026-06-24T15:13:03.454571+00:00" hostname="agent-env-4d8516c5-24bf-49bd-b04b-5b5f7d2bfc61"><testcase classname="tests.test_v28_templates_discount" name="test_templates_seeded" time="0.604" /><testcase classname="tests.test_v28_templates_discount" name="test_template_upsert_and_get" time="0.235" /><testcase classname="tests.test_v28_templates_discount" name="test_templates_role_guard" time="0.455" /><testcase classname="tests.test_v28_templates_discount" name="test_has_stock_history_for_existing_franchise" time="0.201" /><testcase classname="tests.test_v28_templates_discount" name="test_has_stock_history_for_brand_new_franchise" time="0.229" /><testcase classname="tests.test_v28_templates_discount" name="test_starter_kit_for_master_franchise" time="0.213" /><testcase classname="tests.test_v28_templates_discount" name="test_indent_applies_discount_to_line_total" time="0.293" /><testcase classname="tests.test_v28_templates_discount" name="test_discount_summary_report" time="0.105" /><testcase classname="tests.test_v28_templates_discount" name="test_tax_invoice_pdf_has_customer_and_internal_modes" time="0.398" /></testsuite></testsuites>