<?xml version="1.0" encoding="utf-8"?><testsuites name="pytest tests"><testsuite name="pytest" errors="0" failures="1" skipped="0" tests="5" time="81.143" timestamp="2026-06-23T04:38:53.130331+00:00" hostname="agent-env-4d8516c5-24bf-49bd-b04b-5b5f7d2bfc61"><testcase classname="tests.test_v25_iter8_review" name="test_hybrid_flow_returns_nonzero_confidences" time="11.298" /><testcase classname="tests.test_v25_iter8_review" name="test_blank_image_does_not_crash_returns_valid_envelope" time="32.148" /><testcase classname="tests.test_v25_iter8_review" name="test_get_invoice_round_trips_new_fields" time="15.261" /><testcase classname="tests.test_v25_iter8_review" name="test_upload_performance_under_30s" time="11.773" /><testcase classname="tests.test_v25_iter8_review" name="test_commit_with_remember_alias_creates_ocr_alias" time="10.596"><failure message="AssertionError: Commit unexpected status 422: {&quot;detail&quot;:[{&quot;type&quot;:&quot;missing&quot;,&quot;loc&quot;:[&quot;body&quot;,&quot;invoice_number&quot;],&quot;msg&quot;:&quot;Field required&quot;,&quot;input&quot;:{&quot;remember_alias&quot;:true},&quot;url&quot;:&quot;https://errors.pydantic.dev/2.13/v/missing&quot;},{&quot;type&quot;:&quot;missing&quot;,&quot;loc&quot;:[&quot;body&quot;,&#10;assert 422 in (200, 201, 400, 409)&#10; +  where 422 = &lt;Response [422]&gt;.status_code">tests/test_v25_iter8_review.py:219: in test_commit_with_remember_alias_creates_ocr_alias
    assert cm.status_code in (200, 201, 400, 409), \
E   AssertionError: Commit unexpected status 422: {"detail":[{"type":"missing","loc":["body","invoice_number"],"msg":"Field required","input":{"remember_alias":true},"url":"https://errors.pydantic.dev/2.13/v/missing"},{"type":"missing","loc":["body",
E   assert 422 in (200, 201, 400, 409)
E    +  where 422 = &lt;Response [422]&gt;.status_code</failure></testcase></testsuite></testsuites>