<?xml version="1.0" encoding="utf-8"?><testsuites name="pytest tests"><testsuite name="pytest" errors="0" failures="0" skipped="0" tests="11" time="4.873" timestamp="2026-06-19T13:13:39.522192+00:00" hostname="agent-env-4d8516c5-24bf-49bd-b04b-5b5f7d2bfc61"><testcase classname="tests.test_v23_phases3to8.TestPhase3FieldRelaxation" name="test_franchise_create_indent_minimal" time="0.593" /><testcase classname="tests.test_v23_phases3to8.TestPhase3FieldRelaxation" name="test_warehouse_fulfill_minimal_dispatch" time="0.672" /><testcase classname="tests.test_v23_phases3to8.TestPhase4InvoiceNumberEditable" name="test_invoice_number_editable_and_unique" time="0.568" /><testcase classname="tests.test_v23_phases3to8.TestPhase45PDFs" name="test_tax_invoice_pdf" time="0.138" /><testcase classname="tests.test_v23_phases3to8.TestPhase45PDFs" name="test_delivery_challan_pdf_includes_indent_ref" time="0.104" /><testcase classname="tests.test_v23_phases3to8.TestPhase6CreditNote" name="test_cn_full_lifecycle_with_inventory_and_audit" time="2.274" /><testcase classname="tests.test_v23_phases3to8.TestPhase6CreditNote" name="test_cn_against_tax_invoice" time="0.090" /><testcase classname="tests.test_v23_phases3to8.TestPhase7DebitNote" name="test_dn_full_lifecycle" time="0.241" /><testcase classname="tests.test_v23_phases3to8.TestPhase8RolesAndAudit" name="test_franchise_cannot_access_debit_notes" time="0.082" /><testcase classname="tests.test_v23_phases3to8.TestPhase8RolesAndAudit" name="test_franchise_can_only_see_own_credit_notes" time="0.044" /><testcase classname="tests.test_v23_phases3to8.TestPhase8RolesAndAudit" name="test_audit_logs_contain_debit_note_issue" time="0.048" /></testsuite></testsuites>