<?xml version="1.0" encoding="utf-8"?><testsuites name="pytest tests"><testsuite name="pytest" errors="0" failures="1" skipped="0" tests="11" time="2.885" timestamp="2026-06-19T13:03:07.671314+00:00" hostname="agent-env-4d8516c5-24bf-49bd-b04b-5b5f7d2bfc61"><testcase classname="tests.test_v23_phases3to8.TestPhase3FieldRelaxation" name="test_franchise_create_indent_minimal" time="0.638" /><testcase classname="tests.test_v23_phases3to8.TestPhase3FieldRelaxation" name="test_warehouse_fulfill_minimal_dispatch" time="0.521" /><testcase classname="tests.test_v23_phases3to8.TestPhase4InvoiceNumberEditable" name="test_invoice_number_editable_and_unique" time="0.585" /><testcase classname="tests.test_v23_phases3to8.TestPhase45PDFs" name="test_tax_invoice_pdf" time="0.168" /><testcase classname="tests.test_v23_phases3to8.TestPhase45PDFs" name="test_delivery_challan_pdf_includes_indent_ref" time="0.115" /><testcase classname="tests.test_v23_phases3to8.TestPhase6CreditNote" name="test_cn_full_lifecycle_with_inventory_and_audit" time="0.331"><failure message="AssertionError: Expected stock increase of 3, got 77.0 vs 77.0&#10;assert 3.0 &lt; 0.001&#10; +  where 3.0 = abs(((77.0 - 77.0) - 3))">E   AssertionError: Expected stock increase of 3, got 77.0 vs 77.0
    assert 3.0 &lt; 0.001
     +  where 3.0 = abs(((77.0 - 77.0) - 3))</failure></testcase><testcase classname="tests.test_v23_phases3to8.TestPhase6CreditNote" name="test_cn_against_tax_invoice" time="0.088" /><testcase classname="tests.test_v23_phases3to8.TestPhase7DebitNote" name="test_dn_full_lifecycle" time="0.235" /><testcase classname="tests.test_v23_phases3to8.TestPhase8RolesAndAudit" name="test_franchise_cannot_access_debit_notes" time="0.057" /><testcase classname="tests.test_v23_phases3to8.TestPhase8RolesAndAudit" name="test_franchise_can_only_see_own_credit_notes" time="0.047" /><testcase classname="tests.test_v23_phases3to8.TestPhase8RolesAndAudit" name="test_audit_logs_contain_debit_note_issue" time="0.057" /></testsuite></testsuites>