<?xml version="1.0" encoding="utf-8"?><testsuites name="pytest tests"><testsuite name="pytest" errors="0" failures="1" skipped="0" tests="21" time="3.863" timestamp="2026-06-08T09:06:47.173663+00:00" hostname="agent-env-f107e3d2-636f-4f92-ad22-98e36078278b"><testcase classname="backend.tests.test_v22_phase23" name="test_invoice_pdf_returns_pdf" time="0.617" /><testcase classname="backend.tests.test_v22_phase23" name="test_invoice_pdf_404" time="0.046" /><testcase classname="backend.tests.test_v22_phase23" name="test_invoice_patch_meta" time="0.145"><failure message="AssertionError: assert 'TD666' == 'TEST-EDIT-b39cb8'&#10;  &#10;  - TEST-EDIT-b39cb8&#10;  + TD666">backend/tests/test_v22_phase23.py:50: in test_invoice_patch_meta
    assert g.json().get("invoice_number") == new_num
E   AssertionError: assert 'TD666' == 'TEST-EDIT-b39cb8'
E     
E     - TEST-EDIT-b39cb8
E     + TD666</failure></testcase><testcase classname="backend.tests.test_v22_phase23" name="test_dc_pdf" time="0.047" /><testcase classname="backend.tests.test_v22_phase23" name="test_dc_pdf_404" time="0.047" /><testcase classname="backend.tests.test_v22_phase23" name="test_whatsapp_share_invoice" time="0.099" /><testcase classname="backend.tests.test_v22_phase23" name="test_whatsapp_share_with_phone" time="0.096" /><testcase classname="backend.tests.test_v22_phase23" name="test_whatsapp_share_invalid_kind" time="0.045" /><testcase classname="backend.tests.test_v22_phase23" name="test_whatsapp_share_404" time="0.046" /><testcase classname="backend.tests.test_v22_phase23" name="test_report_inventory_value_json" time="0.054" /><testcase classname="backend.tests.test_v22_phase23" name="test_report_inventory_value_excel" time="0.211" /><testcase classname="backend.tests.test_v22_phase23" name="test_report_inventory_value_pdf" time="0.063" /><testcase classname="backend.tests.test_v22_phase23" name="test_report_stock_movement_json" time="0.118" /><testcase classname="backend.tests.test_v22_phase23" name="test_report_purchase" time="0.159" /><testcase classname="backend.tests.test_v22_phase23" name="test_report_sales" time="0.048" /><testcase classname="backend.tests.test_v22_phase23" name="test_reports_rbac_franchise_blocked" time="0.422" /><testcase classname="backend.tests.test_v22_phase23" name="test_reports_rbac_accountant_allowed" time="0.435" /><testcase classname="backend.tests.test_v22_phase23" name="test_reports_rbac_warehouse_allowed" time="0.438" /><testcase classname="backend.tests.test_v22_phase23" name="test_reopened_by_po_diagnostic" time="0.112" /><testcase classname="backend.tests.test_v22_phase23" name="test_auto_reopen_indent_on_po_received" time="0.284" /><testcase classname="backend.tests.test_v22_phase23" name="test_backward_compat_endpoints" time="0.265" /></testsuite></testsuites>