<?xml version="1.0" encoding="utf-8"?><testsuites name="pytest tests"><testsuite name="pytest" errors="0" failures="0" skipped="0" tests="35" time="5.517" timestamp="2026-05-28T07:18:23.711478+00:00" hostname="agent-env-40697c07-303c-4c97-a58e-0fbad09e95e2"><testcase classname="backend.tests.test_servall_backend.TestAuth" name="test_login_admin_success" time="0.369" /><testcase classname="backend.tests.test_servall_backend.TestAuth" name="test_login_all_demo_accounts[accountant@servall.com-Accountant@123-hub_accountant]" time="0.334" /><testcase classname="backend.tests.test_servall_backend.TestAuth" name="test_login_all_demo_accounts[warehouse@servall.com-Warehouse@123-warehouse_manager]" time="0.335" /><testcase classname="backend.tests.test_servall_backend.TestAuth" name="test_login_all_demo_accounts[franchise@servall.com-Franchise@123-franchise_manager]" time="0.330" /><testcase classname="backend.tests.test_servall_backend.TestAuth" name="test_login_invalid" time="0.318" /><testcase classname="backend.tests.test_servall_backend.TestAuth" name="test_me_with_token" time="0.422" /><testcase classname="backend.tests.test_servall_backend.TestAuth" name="test_me_without_token" time="0.099" /><testcase classname="backend.tests.test_servall_backend.TestDashboard" name="test_dashboard_stats_full" time="0.057" /><testcase classname="backend.tests.test_servall_backend.TestProducts" name="test_list_products" time="0.060" /><testcase classname="backend.tests.test_servall_backend.TestProducts" name="test_list_products_low_stock_filter" time="0.063" /><testcase classname="backend.tests.test_servall_backend.TestProducts" name="test_search_products" time="0.463" /><testcase classname="backend.tests.test_servall_backend.TestProducts" name="test_create_update_product_admin" time="0.138" /><testcase classname="backend.tests.test_servall_backend.TestProducts" name="test_adjust_stock" time="0.145" /><testcase classname="backend.tests.test_servall_backend.TestProducts" name="test_bulk_margin" time="0.053" /><testcase classname="backend.tests.test_servall_backend.TestVendors" name="test_list_vendors" time="0.045" /><testcase classname="backend.tests.test_servall_backend.TestVendors" name="test_create_vendor_accountant" time="0.497" /><testcase classname="backend.tests.test_servall_backend.TestFranchises" name="test_list_franchises" time="0.044" /><testcase classname="backend.tests.test_servall_backend.TestFranchises" name="test_create_update_franchise_admin" time="0.090" /><testcase classname="backend.tests.test_servall_backend.TestIndentsLifecycle" name="test_create_indent" time="0.141" /><testcase classname="backend.tests.test_servall_backend.TestIndentsLifecycle" name="test_list_indents" time="0.044" /><testcase classname="backend.tests.test_servall_backend.TestIndentsLifecycle" name="test_franchise_mgr_sees_only_own" time="0.432" /><testcase classname="backend.tests.test_servall_backend.TestIndentsLifecycle" name="test_approve_indent" time="0.047" /><testcase classname="backend.tests.test_servall_backend.TestIndentsLifecycle" name="test_dispatch_indent" time="0.095" /><testcase classname="backend.tests.test_servall_backend.TestIndentsLifecycle" name="test_deliver_indent" time="0.088" /><testcase classname="backend.tests.test_servall_backend.TestIndentsLifecycle" name="test_dcs_list" time="0.045" /><testcase classname="backend.tests.test_servall_backend.TestRBAC" name="test_franchise_mgr_forbidden_audit_logs" time="0.045" /><testcase classname="backend.tests.test_servall_backend.TestRBAC" name="test_audit_logs_super_admin" time="0.049" /><testcase classname="backend.tests.test_servall_backend.TestRBAC" name="test_audit_logs_accountant" time="0.054" /><testcase classname="backend.tests.test_servall_backend.TestRBAC" name="test_franchise_cannot_create_indent_for_other" time="0.135" /><testcase classname="backend.tests.test_servall_backend.TestReports" name="test_aging_report" time="0.050" /><testcase classname="backend.tests.test_servall_backend.TestCycleCounts" name="test_generate_cycle_count" time="0.132" /><testcase classname="backend.tests.test_servall_backend.TestCycleCounts" name="test_list_cycle_counts" time="0.044" /><testcase classname="backend.tests.test_servall_backend.TestCycleCounts" name="test_submit_cycle_count" time="0.089" /><testcase classname="backend.tests.test_servall_backend.TestPurchaseOrders" name="test_auto_generate" time="0.051" /><testcase classname="backend.tests.test_servall_backend.TestPurchaseOrders" name="test_list_pos" time="0.047" /></testsuite></testsuites>